MakeTeXPK cmss17 720 600 magstep\(1.0\) ljfour
MakeTeXPK cmr10 600 600 1+0/600 ljfour
MakeTeXPK cmtt10 600 600 1+0/600 ljfour
MakeTeXPK cmss10 600 600 1+0/600 ljfour
MakeTeXPK cmbx10 600 600 1+0/600 ljfour
MakeTeXPK cmbx12 720 600 magstep\(1.0\) ljfour
MakeTeXPK cmti10 600 600 1+0/600 ljfour
MakeTeXPK cmtt9 600 600 1+0/600 ljfour
MakeTeXPK cmbx12 600 600 1+0/600 ljfour
MakeTeXPK cmsy10 600 600 1+0/600 ljfour
MakeTeXPK cmmi10 600 600 1+0/600 ljfour
MakeTeXPK cmti9 600 600 1+0/600 ljfour
MakeTeXPK cmss17 720 600 magstep\(1.0\) ljfour
MakeTeXPK cmr10 600 600 1+0/600 ljfour
MakeTeXPK cmtt10 600 600 1+0/600 ljfour
MakeTeXPK cmss10 600 600 1+0/600 ljfour
MakeTeXPK cmbx10 600 600 1+0/600 ljfour
MakeTeXPK cmbx12 720 600 magstep\(1.0\) ljfour
MakeTeXPK cmbx12 600 600 1+0/600 ljfour
MakeTeXPK cmtt9 600 600 1+0/600 ljfour
MakeTeXPK cmti10 600 600 1+0/600 ljfour
MakeTeXPK cmmi10 600 600 1+0/600 ljfour
MakeTeXPK cmsy10 600 600 1+0/600 ljfour
MakeTeXPK cmss17 720 600 magstep\(1.0\) ljfour
MakeTeXPK cmr10 600 600 1+0/600 ljfour
MakeTeXPK cmtt10 600 600 1+0/600 ljfour
MakeTeXPK cmss10 600 600 1+0/600 ljfour
MakeTeXPK cmbx10 600 600 1+0/600 ljfour
MakeTeXPK cmbx12 720 600 magstep\(1.0\) ljfour
MakeTeXPK cmti10 600 600 1+0/600 ljfour
MakeTeXPK cmbx12 600 600 1+0/600 ljfour
MakeTeXPK cmtt9 600 600 1+0/600 ljfour
MakeTeXPK cmtt12 600 600 1+0/600 ljfour
MakeTeXPK cmti12 600 600 1+0/600 ljfour
MakeTeXPK cmsy10 600 600 1+0/600 ljfour
MakeTeXPK cmmi10 600 600 1+0/600 ljfour
